0 info it worked if it ends with ok
1 verbose cli [ 'C:\\Program Files (x86)\\Microsoft Visual Studio\\2017\\Community\\Web\\External\\Node.exe',
1 verbose cli   'C:\\Program Files (x86)\\Microsoft Visual Studio\\2017\\Community\\Web\\External\\node_modules\\npm\\bin\\npm-cli.js',
1 verbose cli   'install' ]
2 info using npm@3.3.4
3 info using node@v5.4.1
4 silly loadCurrentTree Starting
5 silly install loadCurrentTree
6 silly install readLocalPackageData
7 silly install normalizeTree
8 silly loadCurrentTree Finishing
9 silly loadIdealTree Starting
10 silly install loadIdealTree
11 silly cloneCurrentTree Starting
12 silly install cloneCurrentTreeToIdealTree
13 silly cloneCurrentTree Finishing
14 silly loadShrinkwrap Starting
15 silly install loadShrinkwrap
16 silly loadShrinkwrap Finishing
17 silly loadAllDepsIntoIdealTree Starting
18 silly install loadAllDepsIntoIdealTree
19 silly fetchNamedPackageData ng-file-upload-shim
20 silly mapToRegistry name ng-file-upload-shim
21 silly mapToRegistry using default registry
22 silly mapToRegistry registry https://registry.npmjs.org/
23 silly mapToRegistry uri https://registry.npmjs.org/ng-file-upload-shim
24 verbose request uri https://registry.npmjs.org/ng-file-upload-shim
25 verbose request no auth needed
26 info attempt registry request try #1 at 18:36:54
27 verbose request id d403c7e5d751fbf6
28 http request GET https://registry.npmjs.org/ng-file-upload-shim
29 http 404 https://registry.npmjs.org/ng-file-upload-shim
30 verbose headers { 'content-type': 'application/json',
30 verbose headers   'cache-control': 'max-age=0',
30 verbose headers   'content-length': '2',
30 verbose headers   'accept-ranges': 'bytes',
30 verbose headers   date: 'Sun, 25 Feb 2018 15:36:56 GMT',
30 verbose headers   via: '1.1 varnish',
30 verbose headers   connection: 'keep-alive',
30 verbose headers   'x-served-by': 'cache-ams4425-AMS',
30 verbose headers   'x-cache': 'MISS',
30 verbose headers   'x-cache-hits': '0',
30 verbose headers   'x-timer': 'S1519573015.054468,VS0,VE1155',
30 verbose headers   vary: 'Accept-Encoding' }
31 silly get cb [ 404,
31 silly get   { 'content-type': 'application/json',
31 silly get     'cache-control': 'max-age=0',
31 silly get     'content-length': '2',
31 silly get     'accept-ranges': 'bytes',
31 silly get     date: 'Sun, 25 Feb 2018 15:36:56 GMT',
31 silly get     via: '1.1 varnish',
31 silly get     connection: 'keep-alive',
31 silly get     'x-served-by': 'cache-ams4425-AMS',
31 silly get     'x-cache': 'MISS',
31 silly get     'x-cache-hits': '0',
31 silly get     'x-timer': 'S1519573015.054468,VS0,VE1155',
31 silly get     vary: 'Accept-Encoding' } ]
32 silly fetchPackageMetaData Error: Registry returned 404 for GET on https://registry.npmjs.org/ng-file-upload-shim
32 silly fetchPackageMetaData     at makeError (C:\Program Files (x86)\Microsoft Visual Studio\2017\Community\Web\External\node_modules\npm-registry-client\lib\request.js:264:12)
32 silly fetchPackageMetaData     at CachingRegistryClient.<anonymous> (C:\Program Files (x86)\Microsoft Visual Studio\2017\Community\Web\External\node_modules\npm-registry-client\lib\request.js:242:14)
32 silly fetchPackageMetaData     at Request._callback (C:\Program Files (x86)\Microsoft Visual Studio\2017\Community\Web\External\node_modules\npm-registry-client\lib\request.js:172:14)
32 silly fetchPackageMetaData     at Request.self.callback (C:\Program Files (x86)\Microsoft Visual Studio\2017\Community\Web\External\node_modules\request\request.js:344:22)
32 silly fetchPackageMetaData     at emitTwo (events.js:87:13)
32 silly fetchPackageMetaData     at Request.emit (events.js:172:7)
32 silly fetchPackageMetaData     at Request.<anonymous> (C:\Program Files (x86)\Microsoft Visual Studio\2017\Community\Web\External\node_modules\request\request.js:1239:14)
32 silly fetchPackageMetaData     at emitOne (events.js:82:20)
32 silly fetchPackageMetaData     at Request.emit (events.js:169:7)
32 silly fetchPackageMetaData     at IncomingMessage.<anonymous> (C:\Program Files (x86)\Microsoft Visual Studio\2017\Community\Web\External\node_modules\request\request.js:1187:12)
32 silly fetchPackageMetaData  error for ng-file-upload-shim@~2.2.2 { [Error: Registry returned 404 for GET on https://registry.npmjs.org/ng-file-upload-shim] pkgid: 'ng-file-upload-shim', statusCode: 404, code: 'E404' }
33 silly rollbackFailedOptional Starting
34 silly rollbackFailedOptional Finishing
35 silly runTopLevelLifecycles Starting
36 silly runTopLevelLifecycles Finishing
37 silly install printInstalled
38 verbose stack Error: Registry returned 404 for GET on https://registry.npmjs.org/ng-file-upload-shim
38 verbose stack     at makeError (C:\Program Files (x86)\Microsoft Visual Studio\2017\Community\Web\External\node_modules\npm-registry-client\lib\request.js:264:12)
38 verbose stack     at CachingRegistryClient.<anonymous> (C:\Program Files (x86)\Microsoft Visual Studio\2017\Community\Web\External\node_modules\npm-registry-client\lib\request.js:242:14)
38 verbose stack     at Request._callback (C:\Program Files (x86)\Microsoft Visual Studio\2017\Community\Web\External\node_modules\npm-registry-client\lib\request.js:172:14)
38 verbose stack     at Request.self.callback (C:\Program Files (x86)\Microsoft Visual Studio\2017\Community\Web\External\node_modules\request\request.js:344:22)
38 verbose stack     at emitTwo (events.js:87:13)
38 verbose stack     at Request.emit (events.js:172:7)
38 verbose stack     at Request.<anonymous> (C:\Program Files (x86)\Microsoft Visual Studio\2017\Community\Web\External\node_modules\request\request.js:1239:14)
38 verbose stack     at emitOne (events.js:82:20)
38 verbose stack     at Request.emit (events.js:169:7)
38 verbose stack     at IncomingMessage.<anonymous> (C:\Program Files (x86)\Microsoft Visual Studio\2017\Community\Web\External\node_modules\request\request.js:1187:12)
39 verbose statusCode 404
40 verbose pkgid ng-file-upload-shim
41 verbose cwd C:\notForEvrthing\testProjectMVC\CoreAngularApp\CoreAngularApp
42 error Windows_NT 10.0.16299
43 error argv "C:\\Program Files (x86)\\Microsoft Visual Studio\\2017\\Community\\Web\\External\\Node.exe" "C:\\Program Files (x86)\\Microsoft Visual Studio\\2017\\Community\\Web\\External\\node_modules\\npm\\bin\\npm-cli.js" "install"
44 error node v5.4.1
45 error npm  v3.3.4
46 error code E404
47 error 404 Registry returned 404 for GET on https://registry.npmjs.org/ng-file-upload-shim
47 error 404
47 error 404 'ng-file-upload-shim' is not in the npm registry.
47 error 404 You should bug the author to publish it (or use the name yourself!)
47 error 404 It was specified as a dependency of 'asp.net'
47 error 404
47 error 404 Note that you can also install from a
47 error 404 tarball, folder, http url, or git url.
48 verbose exit [ 1, true ]
